C:\USERS\ADMINISTRATOR\DESKTOP\CONVERTER\ENGINE\LIBMAD\MSVC++\DEBUG\BIT.OBJ
C:\Users\Administrator\Desktop\Converter\Engine\libmad\msvc++\Debug\cl.command.1.tlog
C:\Users\Administrator\Desktop\Converter\Engine\libmad\msvc++\Debug\CL.read.1.tlog
C:\Users\Administrator\Desktop\Converter\Engine\libmad\msvc++\Debug\CL.write.1.tlog
C:\USERS\ADMINISTRATOR\DESKTOP\CONVERTER\ENGINE\LIBMAD\MSVC++\DEBUG\DECODER.OBJ
C:\USERS\ADMINISTRATOR\DESKTOP\CONVERTER\ENGINE\LIBMAD\MSVC++\DEBUG\FIXED.OBJ
C:\USERS\ADMINISTRATOR\DESKTOP\CONVERTER\ENGINE\LIBMAD\MSVC++\DEBUG\FRAME.OBJ
C:\USERS\ADMINISTRATOR\DESKTOP\CONVERTER\ENGINE\LIBMAD\MSVC++\DEBUG\HUFFMAN.OBJ
C:\USERS\ADMINISTRATOR\DESKTOP\CONVERTER\ENGINE\LIBMAD\MSVC++\DEBUG\LAYER12.OBJ
C:\USERS\ADMINISTRATOR\DESKTOP\CONVERTER\ENGINE\LIBMAD\MSVC++\DEBUG\LAYER3.OBJ
C:\Users\Administrator\Desktop\Converter\Engine\libmad\msvc++\Debug\lib.command.1.tlog
C:\Users\Administrator\Desktop\Converter\Engine\libmad\msvc++\Debug\Lib-link.read.1.tlog
C:\Users\Administrator\Desktop\Converter\Engine\libmad\msvc++\Debug\Lib-link.write.1.tlog
C:\USERS\ADMINISTRATOR\DESKTOP\CONVERTER\ENGINE\LIBMAD\MSVC++\DEBUG\LIBMAD.LIB
C:\USERS\ADMINISTRATOR\DESKTOP\CONVERTER\ENGINE\LIBMAD\MSVC++\DEBUG\STREAM.OBJ
C:\USERS\ADMINISTRATOR\DESKTOP\CONVERTER\ENGINE\LIBMAD\MSVC++\DEBUG\SYNTH.OBJ
C:\USERS\ADMINISTRATOR\DESKTOP\CONVERTER\ENGINE\LIBMAD\MSVC++\DEBUG\TIMER.OBJ
C:\Users\Administrator\Desktop\Converter\Engine\libmad\msvc++\Debug\vc100.idb
C:\USERS\ADMINISTRATOR\DESKTOP\CONVERTER\ENGINE\LIBMAD\MSVC++\DEBUG\VC100.PDB
C:\USERS\ADMINISTRATOR\DESKTOP\CONVERTER\ENGINE\LIBMAD\MSVC++\DEBUG\VERSION.OBJ
