Build started 12/5/2011 6:22:10 PM.
     1>Project "C:\TAB\Converter_x64\Engine\libsndfile\libsndfile.vcxproj" on node 3 (build target(s)).
     1>C:\Program Files (x86)\MSBuild\Microsoft.Cpp\v4.0\Microsoft.CppBuild.targets(298,5): warning MSB8004: Intermediate Directory does not end with a trailing slash.  This build instance will add the slash as it is required to allow proper evaluation of the Intermediate Directory.
     1>C:\Program Files (x86)\MSBuild\Microsoft.Cpp\v4.0\Microsoft.CppBuild.targets(299,5): warning MSB8004: Output Directory does not end with a trailing slash.  This build instance will add the slash as it is required to allow proper evaluation of the Output Directory.
     1>InitializeBuildStatus:
         Creating "..\..\Interface\ServerAutomaticConverter\bin\Debug\libsndfile.unsuccessfulbuild" because "AlwaysCreate" was specified.
       ClCompile:
         All outputs are up-to-date.
       ManifestResourceCompile:
         All outputs are up-to-date.
       Link:
         All outputs are up-to-date.
       Manifest:
         All outputs are up-to-date.
       FinalizeBuildStatus:
         Deleting file "..\..\Interface\ServerAutomaticConverter\bin\Debug\libsndfile.unsuccessfulbuild".
         Touching "..\..\Interface\ServerAutomaticConverter\bin\Debug\libsndfile.lastbuildstate".
     1>Done Building Project "C:\TAB\Converter_x64\Engine\libsndfile\libsndfile.vcxproj" (build target(s)).

Build succeeded.

Time Elapsed 00:00:00.60
