Build started 12/5/2011 5:47:35 PM.
     1>Project "C:\TAB\Converter_x64\Engine\madlldlib\madlldlib-1.0b7.vcxproj" on node 3 (build target(s)).
     1>C:\Program Files (x86)\MSBuild\Microsoft.Cpp\v4.0\Microsoft.CppBuild.targets(298,5): warning MSB8004: Intermediate Directory does not end with a trailing slash.  This build instance will add the slash as it is required to allow proper evaluation of the Intermediate Directory.
     1>C:\Program Files (x86)\MSBuild\Microsoft.Cpp\v4.0\Microsoft.CppBuild.targets(299,5): warning MSB8004: Output Directory does not end with a trailing slash.  This build instance will add the slash as it is required to allow proper evaluation of the Output Directory.
     1>InitializeBuildStatus:
         Touching "..\..\Interface\ServerAutomaticConverter\bin\Debug\madlldlib.unsuccessfulbuild".
       ClCompile:
         C:\Program Files (x86)\Microsoft Visual Studio 10.0\VC\bin\CL.exe /c /ZI /nologo /W1 /WX- /Od /Oy- /D WIN32 /D _DEBUG /D _WINDOWS /D _USRDLL /D MADLLDLIB10B7_EXPORTS /D _WINDLL /D _MBCS /Gm /EHsc /RTC1 /MTd /GS /fp:precise /Zc:wchar_t /Zc:forScope /Fo"..\..\Interface\ServerAutomaticConverter\bin\Debug\\" /Fd"..\..\Interface\ServerAutomaticConverter\bin\Debug\vc100.pdb" /Gd /TP /analyze- /errorReport:prompt bstdfile.cpp madlldlib.cpp
         madlldlib.cpp
         bstdfile.cpp
         Generating Code...
       ManifestResourceCompile:
         C:\Program Files (x86)\Microsoft SDKs\Windows\v7.0A\bin\rc.exe /nologo /fo"..\..\Interface\ServerAutomaticConverter\bin\Debug\madlldlib.dll.embed.manifest.res" ..\..\Interface\ServerAutomaticConverter\bin\Debug\madlldlib_manifest.rc 
       Link:
         C:\Program Files (x86)\Microsoft Visual Studio 10.0\VC\bin\link.exe /ERRORREPORT:PROMPT /OUT:".\..\..\Interface\ServerAutomaticConverter\bin\Debug\madlldlib.dll" /INCREMENTAL /NOLOGO .\..\..\Converter\Debug\libmad.lib kernel32.lib user32.lib gdi32.lib winspool.lib comdlg32.lib advapi32.lib shell32.lib ole32.lib oleaut32.lib uuid.lib odbc32.lib odbccp32.lib /NODEFAULTLIB:LIBCD.lib /MANIFEST /ManifestFile:"..\..\Interface\ServerAutomaticConverter\bin\Debug\madlldlib.dll.intermediate.manifest" /MANIFESTUAC:"level='asInvoker' uiAccess='false'" /DEBUG /PDB:".\Debug\madlldlib-1.0b7.pdb" /SUBSYSTEM:WINDOWS /TLBID:1 /DYNAMICBASE /NXCOMPAT /IMPLIB:".\..\..\Converter\Debug\madlldlib.lib" /MACHINE:X86 /DLL ..\..\Interface\ServerAutomaticConverter\bin\Debug\madlldlib.dll.embed.manifest.res
         ..\..\Interface\ServerAutomaticConverter\bin\Debug\bstdfile.obj
         ..\..\Interface\ServerAutomaticConverter\bin\Debug\madlldlib.obj
         C:\TAB\Converter_x64\Interface\ServerAutomaticConverter\bin\Debug\libmad.lib
            Creating library .\..\..\Converter\Debug\madlldlib.lib and object .\..\..\Converter\Debug\madlldlib.exp
     1>libmad.lib(bit.obj) : warning LNK4099: PDB 'vc70.pdb' was not found with 'libmad.lib(bit.obj)' or at 'C:\TAB\Converter_x64\Engine\madlldlib\Debug\vc70.pdb'; linking object as if no debug info
     1>libmad.lib(frame.obj) : warning LNK4099: PDB 'vc70.pdb' was not found with 'libmad.lib(frame.obj)' or at 'C:\TAB\Converter_x64\Engine\madlldlib\Debug\vc70.pdb'; linking object as if no debug info
     1>libmad.lib(huffman.obj) : warning LNK4099: PDB 'vc70.pdb' was not found with 'libmad.lib(huffman.obj)' or at 'C:\TAB\Converter_x64\Engine\madlldlib\Debug\vc70.pdb'; linking object as if no debug info
     1>libmad.lib(layer12.obj) : warning LNK4099: PDB 'vc70.pdb' was not found with 'libmad.lib(layer12.obj)' or at 'C:\TAB\Converter_x64\Engine\madlldlib\Debug\vc70.pdb'; linking object as if no debug info
     1>libmad.lib(layer3.obj) : warning LNK4099: PDB 'vc70.pdb' was not found with 'libmad.lib(layer3.obj)' or at 'C:\TAB\Converter_x64\Engine\madlldlib\Debug\vc70.pdb'; linking object as if no debug info
     1>libmad.lib(stream.obj) : warning LNK4099: PDB 'vc70.pdb' was not found with 'libmad.lib(stream.obj)' or at 'C:\TAB\Converter_x64\Engine\madlldlib\Debug\vc70.pdb'; linking object as if no debug info
     1>libmad.lib(synth.obj) : warning LNK4099: PDB 'vc70.pdb' was not found with 'libmad.lib(synth.obj)' or at 'C:\TAB\Converter_x64\Engine\madlldlib\Debug\vc70.pdb'; linking object as if no debug info
     1>libmad.lib(timer.obj) : warning LNK4099: PDB 'vc70.pdb' was not found with 'libmad.lib(timer.obj)' or at 'C:\TAB\Converter_x64\Engine\madlldlib\Debug\vc70.pdb'; linking object as if no debug info
       Manifest:
         C:\Program Files (x86)\Microsoft SDKs\Windows\v7.0A\bin\mt.exe /nologo /verbose /out:"..\..\Interface\ServerAutomaticConverter\bin\Debug\madlldlib.dll.embed.manifest" /manifest ..\..\Interface\ServerAutomaticConverter\bin\Debug\madlldlib.dll.intermediate.manifest
         C:\Program Files (x86)\Microsoft SDKs\Windows\v7.0A\bin\rc.exe /nologo /fo"..\..\Interface\ServerAutomaticConverter\bin\Debug\madlldlib.dll.embed.manifest.res" ..\..\Interface\ServerAutomaticConverter\bin\Debug\madlldlib_manifest.rc 
       LinkEmbedManifest:
         C:\Program Files (x86)\Microsoft Visual Studio 10.0\VC\bin\link.exe /ERRORREPORT:PROMPT /OUT:".\..\..\Interface\ServerAutomaticConverter\bin\Debug\madlldlib.dll" /INCREMENTAL /NOLOGO .\..\..\Converter\Debug\libmad.lib kernel32.lib user32.lib gdi32.lib winspool.lib comdlg32.lib advapi32.lib shell32.lib ole32.lib oleaut32.lib uuid.lib odbc32.lib odbccp32.lib /NODEFAULTLIB:LIBCD.lib /MANIFEST /ManifestFile:"..\..\Interface\ServerAutomaticConverter\bin\Debug\madlldlib.dll.intermediate.manifest" /MANIFESTUAC:"level='asInvoker' uiAccess='false'" /DEBUG /PDB:".\Debug\madlldlib-1.0b7.pdb" /SUBSYSTEM:WINDOWS /TLBID:1 /DYNAMICBASE /NXCOMPAT /IMPLIB:".\..\..\Converter\Debug\madlldlib.lib" /MACHINE:X86 /DLL ..\..\Interface\ServerAutomaticConverter\bin\Debug\madlldlib.dll.embed.manifest.res
         ..\..\Interface\ServerAutomaticConverter\bin\Debug\bstdfile.obj
         ..\..\Interface\ServerAutomaticConverter\bin\Debug\madlldlib.obj
         C:\TAB\Converter_x64\Interface\ServerAutomaticConverter\bin\Debug\libmad.lib
            Creating library .\..\..\Converter\Debug\madlldlib.lib and object .\..\..\Converter\Debug\madlldlib.exp
     1>libmad.lib(bit.obj) : warning LNK4099: PDB 'vc70.pdb' was not found with 'libmad.lib(bit.obj)' or at 'C:\TAB\Converter_x64\Engine\madlldlib\Debug\vc70.pdb'; linking object as if no debug info
     1>libmad.lib(frame.obj) : warning LNK4099: PDB 'vc70.pdb' was not found with 'libmad.lib(frame.obj)' or at 'C:\TAB\Converter_x64\Engine\madlldlib\Debug\vc70.pdb'; linking object as if no debug info
     1>libmad.lib(huffman.obj) : warning LNK4099: PDB 'vc70.pdb' was not found with 'libmad.lib(huffman.obj)' or at 'C:\TAB\Converter_x64\Engine\madlldlib\Debug\vc70.pdb'; linking object as if no debug info
     1>libmad.lib(layer12.obj) : warning LNK4099: PDB 'vc70.pdb' was not found with 'libmad.lib(layer12.obj)' or at 'C:\TAB\Converter_x64\Engine\madlldlib\Debug\vc70.pdb'; linking object as if no debug info
     1>libmad.lib(layer3.obj) : warning LNK4099: PDB 'vc70.pdb' was not found with 'libmad.lib(layer3.obj)' or at 'C:\TAB\Converter_x64\Engine\madlldlib\Debug\vc70.pdb'; linking object as if no debug info
     1>libmad.lib(stream.obj) : warning LNK4099: PDB 'vc70.pdb' was not found with 'libmad.lib(stream.obj)' or at 'C:\TAB\Converter_x64\Engine\madlldlib\Debug\vc70.pdb'; linking object as if no debug info
     1>libmad.lib(synth.obj) : warning LNK4099: PDB 'vc70.pdb' was not found with 'libmad.lib(synth.obj)' or at 'C:\TAB\Converter_x64\Engine\madlldlib\Debug\vc70.pdb'; linking object as if no debug info
     1>libmad.lib(timer.obj) : warning LNK4099: PDB 'vc70.pdb' was not found with 'libmad.lib(timer.obj)' or at 'C:\TAB\Converter_x64\Engine\madlldlib\Debug\vc70.pdb'; linking object as if no debug info
         madlldlib-1.0b7.vcxproj -> C:\TAB\Converter_x64\Engine\madlldlib\..\..\Interface\ServerAutomaticConverter\bin\Debug\madlldlib.dll
       FinalizeBuildStatus:
         Deleting file "..\..\Interface\ServerAutomaticConverter\bin\Debug\madlldlib.unsuccessfulbuild".
         Touching "..\..\Interface\ServerAutomaticConverter\bin\Debug\madlldlib.lastbuildstate".
     1>Done Building Project "C:\TAB\Converter_x64\Engine\madlldlib\madlldlib-1.0b7.vcxproj" (build target(s)).

Build succeeded.

Time Elapsed 00:00:05.18
