..\..\Interface\ServerAutomaticConverter\bin\Debug\madlldlib.ilk
C:\TAB\Converter_x64\Converter\Debug\libsamplerate.exp
C:\TAB\Converter_x64\Converter\Debug\libsamplerate.lib
C:\TAB\Converter_x64\Converter\Debug\madlldlib.exp
C:\TAB\Converter_x64\Converter\Debug\madlldlib.lib
C:\TAB\CONVERTER_X64\ENGINE\LIBMAD\MSVC++\DEBUG\BIT.OBJ
C:\TAB\CONVERTER_X64\ENGINE\LIBMAD\MSVC++\DEBUG\DECODER.OBJ
C:\TAB\CONVERTER_X64\ENGINE\LIBMAD\MSVC++\DEBUG\FIXED.OBJ
C:\TAB\CONVERTER_X64\ENGINE\LIBMAD\MSVC++\DEBUG\FRAME.OBJ
C:\TAB\CONVERTER_X64\ENGINE\LIBMAD\MSVC++\DEBUG\HUFFMAN.OBJ
C:\TAB\CONVERTER_X64\ENGINE\LIBMAD\MSVC++\DEBUG\LAYER12.OBJ
C:\TAB\CONVERTER_X64\ENGINE\LIBMAD\MSVC++\DEBUG\LAYER3.OBJ
C:\TAB\CONVERTER_X64\ENGINE\LIBMAD\MSVC++\DEBUG\STREAM.OBJ
C:\TAB\CONVERTER_X64\ENGINE\LIBMAD\MSVC++\DEBUG\SYNTH.OBJ
C:\TAB\CONVERTER_X64\ENGINE\LIBMAD\MSVC++\DEBUG\TIMER.OBJ
C:\TAB\CONVERTER_X64\ENGINE\LIBMAD\MSVC++\DEBUG\VC100.PDB
C:\TAB\CONVERTER_X64\ENGINE\LIBMAD\MSVC++\DEBUG\VERSION.OBJ
C:\TAB\Converter_x64\Engine\madlldlib\..\..\Interface\ServerAutomaticConverter\bin\Debug\madlldlib.dll
C:\TAB\Converter_x64\Engine\madlldlib\..\..\Interface\ServerAutomaticConverter\bin\Debug\madlldlib.dll.intermediate.manifest
C:\TAB\CONVERTER_X64\ENGINE\MADLLDLIB\DEBUG\MADLLDLIB-1.0B7.PDB
C:\TAB\CONVERTER_X64\INTERFACE\SERVERAUTOMATICCONVERTER\BIN\DEBUG\BSTDFILE.OBJ
C:\TAB\Converter_x64\Interface\ServerAutomaticConverter\bin\Debug\cl.command.1.tlog
C:\TAB\Converter_x64\Interface\ServerAutomaticConverter\bin\Debug\CL.read.1.tlog
C:\TAB\Converter_x64\Interface\ServerAutomaticConverter\bin\Debug\CL.write.1.tlog
C:\TAB\CONVERTER_X64\INTERFACE\SERVERAUTOMATICCONVERTER\BIN\DEBUG\GSM_DECODE.OBJ
C:\TAB\CONVERTER_X64\INTERFACE\SERVERAUTOMATICCONVERTER\BIN\DEBUG\GSM_DESTROY.OBJ
C:\TAB\CONVERTER_X64\INTERFACE\SERVERAUTOMATICCONVERTER\BIN\DEBUG\GSM_ENCODE.OBJ
C:\TAB\CONVERTER_X64\INTERFACE\SERVERAUTOMATICCONVERTER\BIN\DEBUG\GSM_OPTION.OBJ
C:\TAB\CONVERTER_X64\INTERFACE\SERVERAUTOMATICCONVERTER\BIN\DEBUG\HTK.OBJ
C:\TAB\CONVERTER_X64\INTERFACE\SERVERAUTOMATICCONVERTER\BIN\DEBUG\IMA_ADPCM.OBJ
C:\TAB\CONVERTER_X64\INTERFACE\SERVERAUTOMATICCONVERTER\BIN\DEBUG\INTERLEAVE.OBJ
C:\TAB\CONVERTER_X64\INTERFACE\SERVERAUTOMATICCONVERTER\BIN\DEBUG\IRCAM.OBJ
C:\TAB\Converter_x64\Interface\ServerAutomaticConverter\bin\Debug\lib.command.1.tlog
C:\TAB\Converter_x64\Interface\ServerAutomaticConverter\bin\Debug\Lib-link.read.1.tlog
C:\TAB\Converter_x64\Interface\ServerAutomaticConverter\bin\Debug\Lib-link.write.1.tlog
C:\TAB\CONVERTER_X64\INTERFACE\SERVERAUTOMATICCONVERTER\BIN\DEBUG\LIBMAD.LIB
C:\TAB\CONVERTER_X64\INTERFACE\SERVERAUTOMATICCONVERTER\BIN\DEBUG\LIBSAMPLERATE.DLL
C:\TAB\CONVERTER_X64\INTERFACE\SERVERAUTOMATICCONVERTER\BIN\DEBUG\LIBSAMPLERATE.DLL.EMBED.MANIFEST
C:\TAB\CONVERTER_X64\INTERFACE\SERVERAUTOMATICCONVERTER\BIN\DEBUG\LIBSAMPLERATE.DLL.EMBED.MANIFEST.RES
C:\TAB\CONVERTER_X64\INTERFACE\SERVERAUTOMATICCONVERTER\BIN\DEBUG\LIBSAMPLERATE.DLL.INTERMEDIATE.MANIFEST
C:\TAB\CONVERTER_X64\INTERFACE\SERVERAUTOMATICCONVERTER\BIN\DEBUG\LIBSAMPLERATE.ILK
C:\TAB\Converter_x64\Interface\ServerAutomaticConverter\bin\Debug\libsamplerate.write.1.tlog
C:\TAB\Converter_x64\Interface\ServerAutomaticConverter\bin\Debug\libsamplerate_manifest.rc
C:\TAB\Converter_x64\Interface\ServerAutomaticConverter\bin\Debug\link.1016.read.1.tlog
C:\TAB\Converter_x64\Interface\ServerAutomaticConverter\bin\Debug\link.1016.write.1.tlog
C:\TAB\Converter_x64\Interface\ServerAutomaticConverter\bin\Debug\link.1016-cvtres.read.1.tlog
C:\TAB\Converter_x64\Interface\ServerAutomaticConverter\bin\Debug\link.1016-cvtres.write.1.tlog
C:\TAB\Converter_x64\Interface\ServerAutomaticConverter\bin\Debug\link.2492.read.1.tlog
C:\TAB\Converter_x64\Interface\ServerAutomaticConverter\bin\Debug\link.2492.write.1.tlog
C:\TAB\Converter_x64\Interface\ServerAutomaticConverter\bin\Debug\link.2492-cvtres.read.1.tlog
C:\TAB\Converter_x64\Interface\ServerAutomaticConverter\bin\Debug\link.2492-cvtres.write.1.tlog
C:\TAB\Converter_x64\Interface\ServerAutomaticConverter\bin\Debug\link.command.1.tlog
C:\TAB\Converter_x64\Interface\ServerAutomaticConverter\bin\Debug\link.read.1.tlog
C:\TAB\Converter_x64\Interface\ServerAutomaticConverter\bin\Debug\link.write.1.tlog
C:\TAB\Converter_x64\Interface\ServerAutomaticConverter\bin\Debug\link-cvtres.read.1.tlog
C:\TAB\Converter_x64\Interface\ServerAutomaticConverter\bin\Debug\link-cvtres.write.1.tlog
C:\TAB\CONVERTER_X64\INTERFACE\SERVERAUTOMATICCONVERTER\BIN\DEBUG\LONG_TERM.OBJ
C:\TAB\CONVERTER_X64\INTERFACE\SERVERAUTOMATICCONVERTER\BIN\DEBUG\LPC.OBJ
C:\TAB\CONVERTER_X64\INTERFACE\SERVERAUTOMATICCONVERTER\BIN\DEBUG\MACBINARY3.OBJ
C:\TAB\CONVERTER_X64\INTERFACE\SERVERAUTOMATICCONVERTER\BIN\DEBUG\MACOS.OBJ
C:\TAB\CONVERTER_X64\INTERFACE\SERVERAUTOMATICCONVERTER\BIN\DEBUG\MADLLDLIB.DLL
C:\TAB\CONVERTER_X64\INTERFACE\SERVERAUTOMATICCONVERTER\BIN\DEBUG\MADLLDLIB.DLL.EMBED.MANIFEST
C:\TAB\CONVERTER_X64\INTERFACE\SERVERAUTOMATICCONVERTER\BIN\DEBUG\MADLLDLIB.DLL.EMBED.MANIFEST.RES
C:\TAB\CONVERTER_X64\INTERFACE\SERVERAUTOMATICCONVERTER\BIN\DEBUG\MADLLDLIB.DLL.INTERMEDIATE.MANIFEST
C:\TAB\CONVERTER_X64\INTERFACE\SERVERAUTOMATICCONVERTER\BIN\DEBUG\MADLLDLIB.ILK
C:\TAB\CONVERTER_X64\INTERFACE\SERVERAUTOMATICCONVERTER\BIN\DEBUG\MADLLDLIB.OBJ
C:\TAB\Converter_x64\Interface\ServerAutomaticConverter\bin\Debug\madlldlib.write.1.tlog
C:\TAB\Converter_x64\Interface\ServerAutomaticConverter\bin\Debug\madlldlib_manifest.rc
C:\TAB\CONVERTER_X64\INTERFACE\SERVERAUTOMATICCONVERTER\BIN\DEBUG\MAT4.OBJ
C:\TAB\CONVERTER_X64\INTERFACE\SERVERAUTOMATICCONVERTER\BIN\DEBUG\MAT5.OBJ
C:\TAB\CONVERTER_X64\INTERFACE\SERVERAUTOMATICCONVERTER\BIN\DEBUG\MS_ADPCM.OBJ
C:\TAB\Converter_x64\Interface\ServerAutomaticConverter\bin\Debug\mt.command.1.tlog
C:\TAB\Converter_x64\Interface\ServerAutomaticConverter\bin\Debug\mt.read.1.tlog
C:\TAB\Converter_x64\Interface\ServerAutomaticConverter\bin\Debug\mt.write.1.tlog
C:\TAB\CONVERTER_X64\INTERFACE\SERVERAUTOMATICCONVERTER\BIN\DEBUG\NIST.OBJ
C:\TAB\CONVERTER_X64\INTERFACE\SERVERAUTOMATICCONVERTER\BIN\DEBUG\OGG.OBJ
C:\TAB\CONVERTER_X64\INTERFACE\SERVERAUTOMATICCONVERTER\BIN\DEBUG\PAF.OBJ
C:\TAB\CONVERTER_X64\INTERFACE\SERVERAUTOMATICCONVERTER\BIN\DEBUG\PCM.OBJ
C:\TAB\CONVERTER_X64\INTERFACE\SERVERAUTOMATICCONVERTER\BIN\DEBUG\PREPROCESS.OBJ
C:\TAB\CONVERTER_X64\INTERFACE\SERVERAUTOMATICCONVERTER\BIN\DEBUG\PVF.OBJ
C:\TAB\CONVERTER_X64\INTERFACE\SERVERAUTOMATICCONVERTER\BIN\DEBUG\RAW.OBJ
C:\TAB\Converter_x64\Interface\ServerAutomaticConverter\bin\Debug\rc.command.1.tlog
C:\TAB\Converter_x64\Interface\ServerAutomaticConverter\bin\Debug\rc.read.1.tlog
C:\TAB\Converter_x64\Interface\ServerAutomaticConverter\bin\Debug\rc.write.1.tlog
C:\TAB\CONVERTER_X64\INTERFACE\SERVERAUTOMATICCONVERTER\BIN\DEBUG\RPE.OBJ
C:\TAB\CONVERTER_X64\INTERFACE\SERVERAUTOMATICCONVERTER\BIN\DEBUG\RX2.OBJ
C:\TAB\CONVERTER_X64\INTERFACE\SERVERAUTOMATICCONVERTER\BIN\DEBUG\SAMPLERATE.OBJ
C:\TAB\CONVERTER_X64\INTERFACE\SERVERAUTOMATICCONVERTER\BIN\DEBUG\SD2.OBJ
C:\TAB\CONVERTER_X64\INTERFACE\SERVERAUTOMATICCONVERTER\BIN\DEBUG\SDS.OBJ
C:\TAB\CONVERTER_X64\INTERFACE\SERVERAUTOMATICCONVERTER\BIN\DEBUG\SHORT_TERM.OBJ
C:\TAB\CONVERTER_X64\INTERFACE\SERVERAUTOMATICCONVERTER\BIN\DEBUG\SNDFILE.OBJ
C:\TAB\CONVERTER_X64\INTERFACE\SERVERAUTOMATICCONVERTER\BIN\DEBUG\SRC_LINEAR.OBJ
C:\TAB\CONVERTER_X64\INTERFACE\SERVERAUTOMATICCONVERTER\BIN\DEBUG\SRC_SINC.OBJ
C:\TAB\CONVERTER_X64\INTERFACE\SERVERAUTOMATICCONVERTER\BIN\DEBUG\SRC_ZOH.OBJ
C:\TAB\CONVERTER_X64\INTERFACE\SERVERAUTOMATICCONVERTER\BIN\DEBUG\SRCDLL.PDB
C:\TAB\CONVERTER_X64\INTERFACE\SERVERAUTOMATICCONVERTER\BIN\DEBUG\STRINGS.OBJ
C:\TAB\CONVERTER_X64\INTERFACE\SERVERAUTOMATICCONVERTER\BIN\DEBUG\SVX.OBJ
C:\TAB\CONVERTER_X64\INTERFACE\SERVERAUTOMATICCONVERTER\BIN\DEBUG\TABLE.OBJ
C:\TAB\CONVERTER_X64\INTERFACE\SERVERAUTOMATICCONVERTER\BIN\DEBUG\TXW.OBJ
C:\TAB\CONVERTER_X64\INTERFACE\SERVERAUTOMATICCONVERTER\BIN\DEBUG\ULAW.OBJ
C:\TAB\Converter_x64\Interface\ServerAutomaticConverter\bin\Debug\vc100.idb
C:\TAB\CONVERTER_X64\INTERFACE\SERVERAUTOMATICCONVERTER\BIN\DEBUG\VC100.PDB
C:\TAB\CONVERTER_X64\INTERFACE\SERVERAUTOMATICCONVERTER\BIN\DEBUG\VOC.OBJ
C:\TAB\CONVERTER_X64\INTERFACE\SERVERAUTOMATICCONVERTER\BIN\DEBUG\VOX_ADPCM.OBJ
C:\TAB\CONVERTER_X64\INTERFACE\SERVERAUTOMATICCONVERTER\BIN\DEBUG\W64.OBJ
C:\TAB\CONVERTER_X64\INTERFACE\SERVERAUTOMATICCONVERTER\BIN\DEBUG\WAV.OBJ
C:\TAB\CONVERTER_X64\INTERFACE\SERVERAUTOMATICCONVERTER\BIN\DEBUG\WAV_W64.OBJ
C:\TAB\CONVERTER_X64\INTERFACE\SERVERAUTOMATICCONVERTER\BIN\DEBUG\WVE.OBJ
C:\TAB\CONVERTER_X64\INTERFACE\SERVERAUTOMATICCONVERTER\BIN\DEBUG\XI.OBJ
