C:\Users\Administrator\Desktop\Converter\Converter\Debug\libsamplerate.exp
C:\Users\Administrator\Desktop\Converter\Converter\Debug\libsamplerate.lib
C:\Users\Administrator\Desktop\Converter\Converter\Debug\libsndfile.exp
C:\Users\Administrator\Desktop\Converter\Converter\Debug\libsndfile.lib
C:\Users\Administrator\Desktop\Converter\Converter\Debug\madlldlib.exp
C:\Users\Administrator\Desktop\Converter\Converter\Debug\madlldlib.lib
C:\Users\Administrator\Desktop\Converter\Engine\libmad\msvc++\..\..\..\Interface\clientPrepareUI\bin\libmad.lib
C:\USERS\ADMINISTRATOR\DESKTOP\CONVERTER\ENGINE\LIBMAD\MSVC++\DEBUG\BIT.OBJ
C:\USERS\ADMINISTRATOR\DESKTOP\CONVERTER\ENGINE\LIBMAD\MSVC++\DEBUG\DECODER.OBJ
C:\USERS\ADMINISTRATOR\DESKTOP\CONVERTER\ENGINE\LIBMAD\MSVC++\DEBUG\FIXED.OBJ
C:\USERS\ADMINISTRATOR\DESKTOP\CONVERTER\ENGINE\LIBMAD\MSVC++\DEBUG\FRAME.OBJ
C:\USERS\ADMINISTRATOR\DESKTOP\CONVERTER\ENGINE\LIBMAD\MSVC++\DEBUG\HUFFMAN.OBJ
C:\USERS\ADMINISTRATOR\DESKTOP\CONVERTER\ENGINE\LIBMAD\MSVC++\DEBUG\LAYER12.OBJ
C:\USERS\ADMINISTRATOR\DESKTOP\CONVERTER\ENGINE\LIBMAD\MSVC++\DEBUG\LAYER3.OBJ
C:\USERS\ADMINISTRATOR\DESKTOP\CONVERTER\ENGINE\LIBMAD\MSVC++\DEBUG\STREAM.OBJ
C:\USERS\ADMINISTRATOR\DESKTOP\CONVERTER\ENGINE\LIBMAD\MSVC++\DEBUG\SYNTH.OBJ
C:\USERS\ADMINISTRATOR\DESKTOP\CONVERTER\ENGINE\LIBMAD\MSVC++\DEBUG\TIMER.OBJ
C:\USERS\ADMINISTRATOR\DESKTOP\CONVERTER\ENGINE\LIBMAD\MSVC++\DEBUG\VC100.PDB
C:\USERS\ADMINISTRATOR\DESKTOP\CONVERTER\ENGINE\LIBMAD\MSVC++\DEBUG\VERSION.OBJ
C:\USERS\ADMINISTRATOR\DESKTOP\CONVERTER\ENGINE\MADLLDLIB\DEBUG\MADLLDLIB-1.0B7.PDB
C:\USERS\ADMINISTRATOR\DESKTOP\CONVERTER\INTERFACE\CLIENTPREPAREUI\BIN\ADD.OBJ
C:\USERS\ADMINISTRATOR\DESKTOP\CONVERTER\INTERFACE\CLIENTPREPAREUI\BIN\AIFF.OBJ
C:\USERS\ADMINISTRATOR\DESKTOP\CONVERTER\INTERFACE\CLIENTPREPAREUI\BIN\ALAW.OBJ
C:\USERS\ADMINISTRATOR\DESKTOP\CONVERTER\INTERFACE\CLIENTPREPAREUI\BIN\AU.OBJ
C:\USERS\ADMINISTRATOR\DESKTOP\CONVERTER\INTERFACE\CLIENTPREPAREUI\BIN\AU_G72X.OBJ
C:\USERS\ADMINISTRATOR\DESKTOP\CONVERTER\INTERFACE\CLIENTPREPAREUI\BIN\AVR.OBJ
C:\USERS\ADMINISTRATOR\DESKTOP\CONVERTER\INTERFACE\CLIENTPREPAREUI\BIN\BSTDFILE.OBJ
C:\Users\Administrator\Desktop\Converter\Interface\clientPrepareUI\bin\cl.command.1.tlog
C:\Users\Administrator\Desktop\Converter\Interface\clientPrepareUI\bin\CL.read.1.tlog
C:\Users\Administrator\Desktop\Converter\Interface\clientPrepareUI\bin\CL.write.1.tlog
C:\Users\Administrator\Desktop\Converter\Interface\clientPrepareUI\bin\clientPrepareUI.pdb
C:\Users\Administrator\Desktop\Converter\Interface\clientPrepareUI\bin\clientPrepareUI.xml
C:\USERS\ADMINISTRATOR\DESKTOP\CONVERTER\INTERFACE\CLIENTPREPAREUI\BIN\CODE.OBJ
C:\USERS\ADMINISTRATOR\DESKTOP\CONVERTER\INTERFACE\CLIENTPREPAREUI\BIN\COMMAND.OBJ
C:\USERS\ADMINISTRATOR\DESKTOP\CONVERTER\INTERFACE\CLIENTPREPAREUI\BIN\COMMON.OBJ
C:\Users\Administrator\Desktop\Converter\Interface\clientPrepareUI\bin\Converter.ilk
C:\USERS\ADMINISTRATOR\DESKTOP\CONVERTER\INTERFACE\CLIENTPREPAREUI\BIN\DECODE.OBJ
C:\USERS\ADMINISTRATOR\DESKTOP\CONVERTER\INTERFACE\CLIENTPREPAREUI\BIN\DITHER.OBJ
C:\USERS\ADMINISTRATOR\DESKTOP\CONVERTER\INTERFACE\CLIENTPREPAREUI\BIN\DOUBLE64.OBJ
C:\USERS\ADMINISTRATOR\DESKTOP\CONVERTER\INTERFACE\CLIENTPREPAREUI\BIN\DWD.OBJ
C:\USERS\ADMINISTRATOR\DESKTOP\CONVERTER\INTERFACE\CLIENTPREPAREUI\BIN\DWVW.OBJ
C:\Users\Administrator\Desktop\Converter\Interface\clientPrepareUI\bin\exploreTreeViewDll.pdb
C:\Users\Administrator\Desktop\Converter\Interface\clientPrepareUI\bin\exploreTreeViewDll.xml
C:\USERS\ADMINISTRATOR\DESKTOP\CONVERTER\INTERFACE\CLIENTPREPAREUI\BIN\FILE_IO.OBJ
C:\USERS\ADMINISTRATOR\DESKTOP\CONVERTER\INTERFACE\CLIENTPREPAREUI\BIN\FLOAT32.OBJ
C:\USERS\ADMINISTRATOR\DESKTOP\CONVERTER\INTERFACE\CLIENTPREPAREUI\BIN\G721.OBJ
C:\USERS\ADMINISTRATOR\DESKTOP\CONVERTER\INTERFACE\CLIENTPREPAREUI\BIN\G723_16.OBJ
C:\USERS\ADMINISTRATOR\DESKTOP\CONVERTER\INTERFACE\CLIENTPREPAREUI\BIN\G723_24.OBJ
C:\USERS\ADMINISTRATOR\DESKTOP\CONVERTER\INTERFACE\CLIENTPREPAREUI\BIN\G723_40.OBJ
C:\USERS\ADMINISTRATOR\DESKTOP\CONVERTER\INTERFACE\CLIENTPREPAREUI\BIN\G72X.OBJ
C:\USERS\ADMINISTRATOR\DESKTOP\CONVERTER\INTERFACE\CLIENTPREPAREUI\BIN\GSM_CREATE.OBJ
C:\USERS\ADMINISTRATOR\DESKTOP\CONVERTER\INTERFACE\CLIENTPREPAREUI\BIN\GSM_DECODE.OBJ
C:\USERS\ADMINISTRATOR\DESKTOP\CONVERTER\INTERFACE\CLIENTPREPAREUI\BIN\GSM_DESTROY.OBJ
C:\USERS\ADMINISTRATOR\DESKTOP\CONVERTER\INTERFACE\CLIENTPREPAREUI\BIN\GSM_ENCODE.OBJ
C:\USERS\ADMINISTRATOR\DESKTOP\CONVERTER\INTERFACE\CLIENTPREPAREUI\BIN\GSM_OPTION.OBJ
C:\USERS\ADMINISTRATOR\DESKTOP\CONVERTER\INTERFACE\CLIENTPREPAREUI\BIN\GSM610.OBJ
C:\USERS\ADMINISTRATOR\DESKTOP\CONVERTER\INTERFACE\CLIENTPREPAREUI\BIN\HTK.OBJ
C:\USERS\ADMINISTRATOR\DESKTOP\CONVERTER\INTERFACE\CLIENTPREPAREUI\BIN\IMA_ADPCM.OBJ
C:\USERS\ADMINISTRATOR\DESKTOP\CONVERTER\INTERFACE\CLIENTPREPAREUI\BIN\INTERLEAVE.OBJ
C:\USERS\ADMINISTRATOR\DESKTOP\CONVERTER\INTERFACE\CLIENTPREPAREUI\BIN\IRCAM.OBJ
C:\Users\Administrator\Desktop\Converter\Interface\clientPrepareUI\bin\lib.command.1.tlog
C:\Users\Administrator\Desktop\Converter\Interface\clientPrepareUI\bin\Lib-link.read.1.tlog
C:\Users\Administrator\Desktop\Converter\Interface\clientPrepareUI\bin\Lib-link.write.1.tlog
C:\USERS\ADMINISTRATOR\DESKTOP\CONVERTER\INTERFACE\CLIENTPREPAREUI\BIN\LIBMAD.LIB
C:\USERS\ADMINISTRATOR\DESKTOP\CONVERTER\INTERFACE\CLIENTPREPAREUI\BIN\LIBSAMPLERATE.DLL
C:\USERS\ADMINISTRATOR\DESKTOP\CONVERTER\INTERFACE\CLIENTPREPAREUI\BIN\LIBSAMPLERATE.DLL.EMBED.MANIFEST
C:\USERS\ADMINISTRATOR\DESKTOP\CONVERTER\INTERFACE\CLIENTPREPAREUI\BIN\LIBSAMPLERATE.DLL.EMBED.MANIFEST.RES
C:\USERS\ADMINISTRATOR\DESKTOP\CONVERTER\INTERFACE\CLIENTPREPAREUI\BIN\LIBSAMPLERATE.DLL.INTERMEDIATE.MANIFEST
C:\USERS\ADMINISTRATOR\DESKTOP\CONVERTER\INTERFACE\CLIENTPREPAREUI\BIN\LIBSAMPLERATE.ILK
C:\Users\Administrator\Desktop\Converter\Interface\clientPrepareUI\bin\libsamplerate.write.1.tlog
C:\Users\Administrator\Desktop\Converter\Interface\clientPrepareUI\bin\libsamplerate_manifest.rc
C:\USERS\ADMINISTRATOR\DESKTOP\CONVERTER\INTERFACE\CLIENTPREPAREUI\BIN\LIBSNDFILE.DLL
C:\USERS\ADMINISTRATOR\DESKTOP\CONVERTER\INTERFACE\CLIENTPREPAREUI\BIN\LIBSNDFILE.DLL.EMBED.MANIFEST
C:\USERS\ADMINISTRATOR\DESKTOP\CONVERTER\INTERFACE\CLIENTPREPAREUI\BIN\LIBSNDFILE.DLL.EMBED.MANIFEST.RES
C:\USERS\ADMINISTRATOR\DESKTOP\CONVERTER\INTERFACE\CLIENTPREPAREUI\BIN\LIBSNDFILE.DLL.INTERMEDIATE.MANIFEST
C:\USERS\ADMINISTRATOR\DESKTOP\CONVERTER\INTERFACE\CLIENTPREPAREUI\BIN\LIBSNDFILE.ILK
C:\USERS\ADMINISTRATOR\DESKTOP\CONVERTER\INTERFACE\CLIENTPREPAREUI\BIN\LIBSNDFILE.PDB
C:\Users\Administrator\Desktop\Converter\Interface\clientPrepareUI\bin\libsndfile.write.1.tlog
C:\Users\Administrator\Desktop\Converter\Interface\clientPrepareUI\bin\libsndfile_manifest.rc
C:\Users\Administrator\Desktop\Converter\Interface\clientPrepareUI\bin\link.2668.read.1.tlog
C:\Users\Administrator\Desktop\Converter\Interface\clientPrepareUI\bin\link.2668.write.1.tlog
C:\Users\Administrator\Desktop\Converter\Interface\clientPrepareUI\bin\link.2668-cvtres.read.1.tlog
C:\Users\Administrator\Desktop\Converter\Interface\clientPrepareUI\bin\link.2668-cvtres.write.1.tlog
C:\Users\Administrator\Desktop\Converter\Interface\clientPrepareUI\bin\link.2884.read.1.tlog
C:\Users\Administrator\Desktop\Converter\Interface\clientPrepareUI\bin\link.2884.write.1.tlog
C:\Users\Administrator\Desktop\Converter\Interface\clientPrepareUI\bin\link.3472.read.1.tlog
C:\Users\Administrator\Desktop\Converter\Interface\clientPrepareUI\bin\link.3472.write.1.tlog
C:\Users\Administrator\Desktop\Converter\Interface\clientPrepareUI\bin\link.3472-cvtres.read.1.tlog
C:\Users\Administrator\Desktop\Converter\Interface\clientPrepareUI\bin\link.3472-cvtres.write.1.tlog
C:\Users\Administrator\Desktop\Converter\Interface\clientPrepareUI\bin\link.4020.read.1.tlog
C:\Users\Administrator\Desktop\Converter\Interface\clientPrepareUI\bin\link.4020.write.1.tlog
C:\Users\Administrator\Desktop\Converter\Interface\clientPrepareUI\bin\link.4020-cvtres.read.1.tlog
C:\Users\Administrator\Desktop\Converter\Interface\clientPrepareUI\bin\link.4020-cvtres.write.1.tlog
C:\Users\Administrator\Desktop\Converter\Interface\clientPrepareUI\bin\link.command.1.tlog
C:\Users\Administrator\Desktop\Converter\Interface\clientPrepareUI\bin\link.read.1.tlog
C:\Users\Administrator\Desktop\Converter\Interface\clientPrepareUI\bin\link.write.1.tlog
C:\Users\Administrator\Desktop\Converter\Interface\clientPrepareUI\bin\link-cvtres.read.1.tlog
C:\Users\Administrator\Desktop\Converter\Interface\clientPrepareUI\bin\link-cvtres.write.1.tlog
C:\USERS\ADMINISTRATOR\DESKTOP\CONVERTER\INTERFACE\CLIENTPREPAREUI\BIN\LONG_TERM.OBJ
C:\USERS\ADMINISTRATOR\DESKTOP\CONVERTER\INTERFACE\CLIENTPREPAREUI\BIN\LPC.OBJ
C:\USERS\ADMINISTRATOR\DESKTOP\CONVERTER\INTERFACE\CLIENTPREPAREUI\BIN\MACBINARY3.OBJ
C:\USERS\ADMINISTRATOR\DESKTOP\CONVERTER\INTERFACE\CLIENTPREPAREUI\BIN\MACOS.OBJ
C:\USERS\ADMINISTRATOR\DESKTOP\CONVERTER\INTERFACE\CLIENTPREPAREUI\BIN\MADLLDLIB.DLL
C:\USERS\ADMINISTRATOR\DESKTOP\CONVERTER\INTERFACE\CLIENTPREPAREUI\BIN\MADLLDLIB.DLL.EMBED.MANIFEST
C:\USERS\ADMINISTRATOR\DESKTOP\CONVERTER\INTERFACE\CLIENTPREPAREUI\BIN\MADLLDLIB.DLL.EMBED.MANIFEST.RES
C:\USERS\ADMINISTRATOR\DESKTOP\CONVERTER\INTERFACE\CLIENTPREPAREUI\BIN\MADLLDLIB.DLL.INTERMEDIATE.MANIFEST
C:\USERS\ADMINISTRATOR\DESKTOP\CONVERTER\INTERFACE\CLIENTPREPAREUI\BIN\MADLLDLIB.ILK
C:\USERS\ADMINISTRATOR\DESKTOP\CONVERTER\INTERFACE\CLIENTPREPAREUI\BIN\MADLLDLIB.OBJ
C:\Users\Administrator\Desktop\Converter\Interface\clientPrepareUI\bin\madlldlib.write.1.tlog
C:\Users\Administrator\Desktop\Converter\Interface\clientPrepareUI\bin\madlldlib_manifest.rc
C:\USERS\ADMINISTRATOR\DESKTOP\CONVERTER\INTERFACE\CLIENTPREPAREUI\BIN\MAT4.OBJ
C:\USERS\ADMINISTRATOR\DESKTOP\CONVERTER\INTERFACE\CLIENTPREPAREUI\BIN\MAT5.OBJ
C:\USERS\ADMINISTRATOR\DESKTOP\CONVERTER\INTERFACE\CLIENTPREPAREUI\BIN\MS_ADPCM.OBJ
C:\Users\Administrator\Desktop\Converter\Interface\clientPrepareUI\bin\mt.command.1.tlog
C:\Users\Administrator\Desktop\Converter\Interface\clientPrepareUI\bin\mt.read.1.tlog
C:\Users\Administrator\Desktop\Converter\Interface\clientPrepareUI\bin\mt.write.1.tlog
C:\USERS\ADMINISTRATOR\DESKTOP\CONVERTER\INTERFACE\CLIENTPREPAREUI\BIN\NIST.OBJ
C:\USERS\ADMINISTRATOR\DESKTOP\CONVERTER\INTERFACE\CLIENTPREPAREUI\BIN\OGG.OBJ
C:\USERS\ADMINISTRATOR\DESKTOP\CONVERTER\INTERFACE\CLIENTPREPAREUI\BIN\PAF.OBJ
C:\USERS\ADMINISTRATOR\DESKTOP\CONVERTER\INTERFACE\CLIENTPREPAREUI\BIN\PCM.OBJ
C:\USERS\ADMINISTRATOR\DESKTOP\CONVERTER\INTERFACE\CLIENTPREPAREUI\BIN\PREPROCESS.OBJ
C:\USERS\ADMINISTRATOR\DESKTOP\CONVERTER\INTERFACE\CLIENTPREPAREUI\BIN\PVF.OBJ
C:\USERS\ADMINISTRATOR\DESKTOP\CONVERTER\INTERFACE\CLIENTPREPAREUI\BIN\RAW.OBJ
C:\Users\Administrator\Desktop\Converter\Interface\clientPrepareUI\bin\rc.command.1.tlog
C:\Users\Administrator\Desktop\Converter\Interface\clientPrepareUI\bin\rc.read.1.tlog
C:\Users\Administrator\Desktop\Converter\Interface\clientPrepareUI\bin\rc.write.1.tlog
C:\USERS\ADMINISTRATOR\DESKTOP\CONVERTER\INTERFACE\CLIENTPREPAREUI\BIN\RPE.OBJ
C:\USERS\ADMINISTRATOR\DESKTOP\CONVERTER\INTERFACE\CLIENTPREPAREUI\BIN\RX2.OBJ
C:\USERS\ADMINISTRATOR\DESKTOP\CONVERTER\INTERFACE\CLIENTPREPAREUI\BIN\SAMPLERATE.OBJ
C:\USERS\ADMINISTRATOR\DESKTOP\CONVERTER\INTERFACE\CLIENTPREPAREUI\BIN\SD2.OBJ
C:\USERS\ADMINISTRATOR\DESKTOP\CONVERTER\INTERFACE\CLIENTPREPAREUI\BIN\SDS.OBJ
C:\USERS\ADMINISTRATOR\DESKTOP\CONVERTER\INTERFACE\CLIENTPREPAREUI\BIN\SHORT_TERM.OBJ
C:\USERS\ADMINISTRATOR\DESKTOP\CONVERTER\INTERFACE\CLIENTPREPAREUI\BIN\SNDFILE.OBJ
C:\USERS\ADMINISTRATOR\DESKTOP\CONVERTER\INTERFACE\CLIENTPREPAREUI\BIN\SRC_LINEAR.OBJ
C:\USERS\ADMINISTRATOR\DESKTOP\CONVERTER\INTERFACE\CLIENTPREPAREUI\BIN\SRC_SINC.OBJ
C:\USERS\ADMINISTRATOR\DESKTOP\CONVERTER\INTERFACE\CLIENTPREPAREUI\BIN\SRC_ZOH.OBJ
C:\USERS\ADMINISTRATOR\DESKTOP\CONVERTER\INTERFACE\CLIENTPREPAREUI\BIN\SRCDLL.PDB
C:\USERS\ADMINISTRATOR\DESKTOP\CONVERTER\INTERFACE\CLIENTPREPAREUI\BIN\STRINGS.OBJ
C:\USERS\ADMINISTRATOR\DESKTOP\CONVERTER\INTERFACE\CLIENTPREPAREUI\BIN\SVX.OBJ
C:\USERS\ADMINISTRATOR\DESKTOP\CONVERTER\INTERFACE\CLIENTPREPAREUI\BIN\TABLE.OBJ
C:\USERS\ADMINISTRATOR\DESKTOP\CONVERTER\INTERFACE\CLIENTPREPAREUI\BIN\TXW.OBJ
C:\USERS\ADMINISTRATOR\DESKTOP\CONVERTER\INTERFACE\CLIENTPREPAREUI\BIN\ULAW.OBJ
C:\Users\Administrator\Desktop\Converter\Interface\clientPrepareUI\bin\vc100.idb
C:\USERS\ADMINISTRATOR\DESKTOP\CONVERTER\INTERFACE\CLIENTPREPAREUI\BIN\VC100.PDB
C:\USERS\ADMINISTRATOR\DESKTOP\CONVERTER\INTERFACE\CLIENTPREPAREUI\BIN\VOC.OBJ
C:\USERS\ADMINISTRATOR\DESKTOP\CONVERTER\INTERFACE\CLIENTPREPAREUI\BIN\VOX_ADPCM.OBJ
C:\USERS\ADMINISTRATOR\DESKTOP\CONVERTER\INTERFACE\CLIENTPREPAREUI\BIN\W64.OBJ
C:\USERS\ADMINISTRATOR\DESKTOP\CONVERTER\INTERFACE\CLIENTPREPAREUI\BIN\WAV.OBJ
C:\USERS\ADMINISTRATOR\DESKTOP\CONVERTER\INTERFACE\CLIENTPREPAREUI\BIN\WAV_W64.OBJ
C:\USERS\ADMINISTRATOR\DESKTOP\CONVERTER\INTERFACE\CLIENTPREPAREUI\BIN\WVE.OBJ
C:\USERS\ADMINISTRATOR\DESKTOP\CONVERTER\INTERFACE\CLIENTPREPAREUI\BIN\XI.OBJ
