C:\USERS\ADMINISTRATOR\DESKTOP\CONVERTER\ENGINE\LIBMAD\MSVC++\DEBUG\BIT.OBJ
C:\USERS\ADMINISTRATOR\DESKTOP\CONVERTER\ENGINE\LIBMAD\MSVC++\DEBUG\DECODER.OBJ
C:\USERS\ADMINISTRATOR\DESKTOP\CONVERTER\ENGINE\LIBMAD\MSVC++\DEBUG\FIXED.OBJ
C:\USERS\ADMINISTRATOR\DESKTOP\CONVERTER\ENGINE\LIBMAD\MSVC++\DEBUG\FRAME.OBJ
C:\USERS\ADMINISTRATOR\DESKTOP\CONVERTER\ENGINE\LIBMAD\MSVC++\DEBUG\HUFFMAN.OBJ
C:\USERS\ADMINISTRATOR\DESKTOP\CONVERTER\ENGINE\LIBMAD\MSVC++\DEBUG\LAYER12.OBJ
C:\USERS\ADMINISTRATOR\DESKTOP\CONVERTER\ENGINE\LIBMAD\MSVC++\DEBUG\LAYER3.OBJ
C:\USERS\ADMINISTRATOR\DESKTOP\CONVERTER\ENGINE\LIBMAD\MSVC++\DEBUG\STREAM.OBJ
C:\USERS\ADMINISTRATOR\DESKTOP\CONVERTER\ENGINE\LIBMAD\MSVC++\DEBUG\SYNTH.OBJ
C:\USERS\ADMINISTRATOR\DESKTOP\CONVERTER\ENGINE\LIBMAD\MSVC++\DEBUG\TIMER.OBJ
C:\USERS\ADMINISTRATOR\DESKTOP\CONVERTER\ENGINE\LIBMAD\MSVC++\DEBUG\VC100.PDB
C:\USERS\ADMINISTRATOR\DESKTOP\CONVERTER\ENGINE\LIBMAD\MSVC++\DEBUG\VERSION.OBJ
C:\Users\Administrator\Desktop\Converter\Interface\clientPrepareUI\bin\cl.command.1.tlog
C:\Users\Administrator\Desktop\Converter\Interface\clientPrepareUI\bin\CL.read.1.tlog
C:\Users\Administrator\Desktop\Converter\Interface\clientPrepareUI\bin\CL.write.1.tlog
C:\Users\Administrator\Desktop\Converter\Interface\clientPrepareUI\bin\lib.command.1.tlog
C:\Users\Administrator\Desktop\Converter\Interface\clientPrepareUI\bin\Lib-link.read.1.tlog
C:\Users\Administrator\Desktop\Converter\Interface\clientPrepareUI\bin\Lib-link.write.1.tlog
C:\USERS\ADMINISTRATOR\DESKTOP\CONVERTER\INTERFACE\CLIENTPREPAREUI\BIN\LIBMAD.LIB
C:\Users\Administrator\Desktop\Converter\Interface\clientPrepareUI\bin\ogg.obj
C:\Users\Administrator\Desktop\Converter\Interface\clientPrepareUI\bin\paf.obj
C:\Users\Administrator\Desktop\Converter\Interface\clientPrepareUI\bin\pcm.obj
C:\Users\Administrator\Desktop\Converter\Interface\clientPrepareUI\bin\pvf.obj
C:\Users\Administrator\Desktop\Converter\Interface\clientPrepareUI\bin\raw.obj
C:\Users\Administrator\Desktop\Converter\Interface\clientPrepareUI\bin\rx2.obj
C:\Users\Administrator\Desktop\Converter\Interface\clientPrepareUI\bin\sd2.obj
C:\Users\Administrator\Desktop\Converter\Interface\clientPrepareUI\bin\sds.obj
C:\Users\Administrator\Desktop\Converter\Interface\clientPrepareUI\bin\sndfile.obj
C:\Users\Administrator\Desktop\Converter\Interface\clientPrepareUI\bin\strings.obj
C:\Users\Administrator\Desktop\Converter\Interface\clientPrepareUI\bin\svx.obj
C:\Users\Administrator\Desktop\Converter\Interface\clientPrepareUI\bin\txw.obj
C:\Users\Administrator\Desktop\Converter\Interface\clientPrepareUI\bin\ulaw.obj
C:\Users\Administrator\Desktop\Converter\Interface\clientPrepareUI\bin\vc100.idb
C:\Users\Administrator\Desktop\Converter\Interface\clientPrepareUI\bin\vc100.pdb
C:\Users\Administrator\Desktop\Converter\Interface\clientPrepareUI\bin\voc.obj
C:\Users\Administrator\Desktop\Converter\Interface\clientPrepareUI\bin\vox_adpcm.obj
C:\Users\Administrator\Desktop\Converter\Interface\clientPrepareUI\bin\w64.obj
C:\Users\Administrator\Desktop\Converter\Interface\clientPrepareUI\bin\wav.obj
C:\Users\Administrator\Desktop\Converter\Interface\clientPrepareUI\bin\wav_w64.obj
C:\Users\Administrator\Desktop\Converter\Interface\clientPrepareUI\bin\wve.obj
C:\Users\Administrator\Desktop\Converter\Interface\clientPrepareUI\bin\xi.obj
