C:\TAB\Converter_x64\Converter\Debug\cl.command.1.tlog
C:\TAB\Converter_x64\Converter\Debug\CL.read.1.tlog
C:\TAB\Converter_x64\Converter\Debug\CL.write.1.tlog
C:\TAB\Converter_x64\Converter\Debug\Converter.dll.embed.manifest
C:\TAB\CONVERTER_X64\CONVERTER\DEBUG\CONVERTER.DLL.EMBED.MANIFEST.RES
C:\TAB\CONVERTER_X64\CONVERTER\DEBUG\CONVERTER.OBJ
C:\TAB\Converter_x64\Converter\Debug\Converter.write.1.tlog
C:\TAB\Converter_x64\Converter\Debug\Converter_manifest.rc
C:\TAB\Converter_x64\Converter\Debug\libsamplerate.exp
C:\TAB\Converter_x64\Converter\Debug\link.command.1.tlog
C:\TAB\Converter_x64\Converter\Debug\link.read.1.tlog
C:\TAB\Converter_x64\Converter\Debug\link.write.1.tlog
C:\TAB\CONVERTER_X64\CONVERTER\DEBUG\LOADDAISY3NCXHANDLE.OBJ
C:\TAB\CONVERTER_X64\CONVERTER\DEBUG\LOADDAISY3SMIL2HANDLE.OBJ
C:\TAB\CONVERTER_X64\CONVERTER\DEBUG\LOADDAISY3XMLHANDLE.OBJ
C:\TAB\CONVERTER_X64\CONVERTER\DEBUG\LOADHTMLHANDLE.OBJ
C:\TAB\CONVERTER_X64\CONVERTER\DEBUG\LOADNCCHANDLE.OBJ
C:\TAB\CONVERTER_X64\CONVERTER\DEBUG\LOADSMILHANDLE.OBJ
C:\TAB\Converter_x64\Converter\Debug\madlldlib.exp
C:\TAB\Converter_x64\Converter\Debug\rc.command.1.tlog
C:\TAB\Converter_x64\Converter\Debug\rc.read.1.tlog
C:\TAB\Converter_x64\Converter\Debug\rc.write.1.tlog
C:\TAB\CONVERTER_X64\CONVERTER\DEBUG\STRISTR.OBJ
C:\TAB\Converter_x64\Converter\Debug\vc100.idb
C:\TAB\CONVERTER_X64\CONVERTER\DEBUG\VC100.PDB
