Build started 12/5/2011 5:47:41 PM.
     1>Project "C:\TAB\Converter_x64\Converter\Converter.vcxproj" on node 2 (build target(s)).
     1>InitializeBuildStatus:
         Touching "Debug\Converter.unsuccessfulbuild".
       ClCompile:
         All outputs are up-to-date.
     1>Project "C:\TAB\Converter_x64\Converter\Converter.vcxproj" (1) is building "C:\TAB\Converter_x64\Engine\libsamplerate\SrcDll.vcxproj" (4:3) on node 1 (GetResolvedLinkLibs target(s)).
     4>C:\Program Files (x86)\MSBuild\Microsoft.Cpp\v4.0\Microsoft.CppBuild.targets(298,5): warning MSB8004: Intermediate Directory does not end with a trailing slash.  This build instance will add the slash as it is required to allow proper evaluation of the Intermediate Directory.
     4>C:\Program Files (x86)\MSBuild\Microsoft.Cpp\v4.0\Microsoft.CppBuild.targets(299,5): warning MSB8004: Output Directory does not end with a trailing slash.  This build instance will add the slash as it is required to allow proper evaluation of the Output Directory.
     4>Done Building Project "C:\TAB\Converter_x64\Engine\libsamplerate\SrcDll.vcxproj" (GetResolvedLinkLibs target(s)).
     1>ManifestResourceCompile:
         All outputs are up-to-date.
     1>C:\Program Files (x86)\MSBuild\Microsoft.Cpp\v4.0\Microsoft.CppBuild.targets(990,5): warning MSB8012: TargetPath(C:\TAB\Converter_x64\Converter\Debug\Converter.dll) does not match the Linker's OutputFile property value (C:\TAB\Converter_x64\Interface\ServerAutomaticConverter\bin\Debug\Converter.dll). This may cause your project to build incorrectly. To correct this, please make sure that $(OutDir), $(TargetName) and $(TargetExt) property values match the value specified in %(Link.OutputFile).
       Link:
         C:\Program Files (x86)\Microsoft Visual Studio 10.0\VC\bin\link.exe /ERRORREPORT:PROMPT /OUT:".\..\Interface\ServerAutomaticConverter\bin\Debug\Converter.dll" /INCREMENTAL /LIBPATH:"C:\Program Files (x86)\Microsoft Speech SDK 5.1\Lib\i386" "xerces-c_3D.lib" tidy.lib kernel32.lib user32.lib gdi32.lib winspool.lib comdlg32.lib advapi32.lib shell32.lib ole32.lib oleaut32.lib uuid.lib odbc32.lib odbccp32.lib /DEF:"Converter.def" /MANIFEST /ManifestFile:"Debug\Converter.dll.intermediate.manifest" /MANIFESTUAC:"level='asInvoker' uiAccess='false'" /DEBUG /PDB:"Debug\Converter.pdb" /ASSEMBLYDEBUG /TLBID:1 /DYNAMICBASE /NXCOMPAT /IMPLIB:"Debug\Converter.lib" /MACHINE:X86 /DLL Debug\Converter.dll.embed.manifest.res
         Debug\Converter.obj
         Debug\LoadDaisy3NcxHandle.obj
         Debug\LoadDaisy3Smil2Handle.obj
         Debug\LoadDaisy3XmlHandle.obj
         Debug\LoadHtmlHandle.obj
         Debug\LoadNccHandle.obj
         Debug\LoadSmilHandle.obj
         Debug\stristr.obj
         C:\TAB\Converter_x64\Interface\ServerAutomaticConverter\bin\Debug\libmad.lib
         C:\TAB\Converter_x64\Converter\Debug\libsamplerate.lib
         C:\TAB\Converter_x64\Converter\Debug\libsndfile.lib
         C:\TAB\Converter_x64\Converter\Debug\madlldlib.lib
         Microsoft (R) Incremental Linker Version 10.00.40219.01
         Copyright (C) Microsoft Corporation.  All rights reserved.
         
         "/OUT:.\..\Interface\ServerAutomaticConverter\bin\Debug\Converter.dll" /INCREMENTAL "/LIBPATH:C:\Program Files (x86)\Microsoft Speech SDK 5.1\Lib\i386" "xerces-c_3D.lib" tidy.lib kernel32.lib user32.lib gdi32.lib winspool.lib comdlg32.lib advapi32.lib shell32.lib ole32.lib oleaut32.lib uuid.lib odbc32.lib odbccp32.lib "/DEF:Converter.def" /MANIFEST "/ManifestFile:Debug\Converter.dll.intermediate.manifest" "/MANIFESTUAC:level='asInvoker' uiAccess='false'" /DEBUG "/PDB:Debug\Converter.pdb" /ASSEMBLYDEBUG /TLBID:1 /DYNAMICBASE /NXCOMPAT "/IMPLIB:Debug\Converter.lib" /MACHINE:X86 /DLL Debug\Converter.dll.embed.manifest.res 
         Debug\Converter.obj 
         Debug\LoadDaisy3NcxHandle.obj 
         Debug\LoadDaisy3Smil2Handle.obj 
         Debug\LoadDaisy3XmlHandle.obj 
         Debug\LoadHtmlHandle.obj 
         Debug\LoadNccHandle.obj 
         Debug\LoadSmilHandle.obj 
         Debug\stristr.obj 
         C:\TAB\Converter_x64\Interface\ServerAutomaticConverter\bin\Debug\libmad.lib 
         C:\TAB\Converter_x64\Converter\Debug\libsamplerate.lib 
         C:\TAB\Converter_x64\Converter\Debug\libsndfile.lib 
         C:\TAB\Converter_x64\Converter\Debug\madlldlib.lib 
            Creating library Debug\Converter.lib and object Debug\Converter.exp
       Manifest:
         C:\Program Files (x86)\Microsoft SDKs\Windows\v7.0A\bin\mt.exe /nologo /verbose /out:"Debug\Converter.dll.embed.manifest" /manifest Debug\Converter.dll.intermediate.manifest
         C:\Program Files (x86)\Microsoft SDKs\Windows\v7.0A\bin\rc.exe /nologo /fo"Debug\Converter.dll.embed.manifest.res" Debug\Converter_manifest.rc 
       LinkEmbedManifest:
         C:\Program Files (x86)\Microsoft Visual Studio 10.0\VC\bin\link.exe /ERRORREPORT:PROMPT /OUT:".\..\Interface\ServerAutomaticConverter\bin\Debug\Converter.dll" /INCREMENTAL /LIBPATH:"C:\Program Files (x86)\Microsoft Speech SDK 5.1\Lib\i386" "xerces-c_3D.lib" tidy.lib kernel32.lib user32.lib gdi32.lib winspool.lib comdlg32.lib advapi32.lib shell32.lib ole32.lib oleaut32.lib uuid.lib odbc32.lib odbccp32.lib /DEF:"Converter.def" /MANIFEST /ManifestFile:"Debug\Converter.dll.intermediate.manifest" /MANIFESTUAC:"level='asInvoker' uiAccess='false'" /DEBUG /PDB:"Debug\Converter.pdb" /ASSEMBLYDEBUG /TLBID:1 /DYNAMICBASE /NXCOMPAT /IMPLIB:"Debug\Converter.lib" /MACHINE:X86 /DLL Debug\Converter.dll.embed.manifest.res
         Debug\Converter.obj
         Debug\LoadDaisy3NcxHandle.obj
         Debug\LoadDaisy3Smil2Handle.obj
         Debug\LoadDaisy3XmlHandle.obj
         Debug\LoadHtmlHandle.obj
         Debug\LoadNccHandle.obj
         Debug\LoadSmilHandle.obj
         Debug\stristr.obj
         C:\TAB\Converter_x64\Interface\ServerAutomaticConverter\bin\Debug\libmad.lib
         C:\TAB\Converter_x64\Converter\Debug\libsamplerate.lib
         C:\TAB\Converter_x64\Converter\Debug\libsndfile.lib
         C:\TAB\Converter_x64\Converter\Debug\madlldlib.lib
         Microsoft (R) Incremental Linker Version 10.00.40219.01
         Copyright (C) Microsoft Corporation.  All rights reserved.
         
         "/OUT:.\..\Interface\ServerAutomaticConverter\bin\Debug\Converter.dll" /INCREMENTAL "/LIBPATH:C:\Program Files (x86)\Microsoft Speech SDK 5.1\Lib\i386" "xerces-c_3D.lib" tidy.lib kernel32.lib user32.lib gdi32.lib winspool.lib comdlg32.lib advapi32.lib shell32.lib ole32.lib oleaut32.lib uuid.lib odbc32.lib odbccp32.lib "/DEF:Converter.def" /MANIFEST "/ManifestFile:Debug\Converter.dll.intermediate.manifest" "/MANIFESTUAC:level='asInvoker' uiAccess='false'" /DEBUG "/PDB:Debug\Converter.pdb" /ASSEMBLYDEBUG /TLBID:1 /DYNAMICBASE /NXCOMPAT "/IMPLIB:Debug\Converter.lib" /MACHINE:X86 /DLL Debug\Converter.dll.embed.manifest.res 
         Debug\Converter.obj 
         Debug\LoadDaisy3NcxHandle.obj 
         Debug\LoadDaisy3Smil2Handle.obj 
         Debug\LoadDaisy3XmlHandle.obj 
         Debug\LoadHtmlHandle.obj 
         Debug\LoadNccHandle.obj 
         Debug\LoadSmilHandle.obj 
         Debug\stristr.obj 
         C:\TAB\Converter_x64\Interface\ServerAutomaticConverter\bin\Debug\libmad.lib 
         C:\TAB\Converter_x64\Converter\Debug\libsamplerate.lib 
         C:\TAB\Converter_x64\Converter\Debug\libsndfile.lib 
         C:\TAB\Converter_x64\Converter\Debug\madlldlib.lib 
            Creating library Debug\Converter.lib and object Debug\Converter.exp
         Converter.vcxproj -> C:\TAB\Converter_x64\Converter\Debug\Converter.dll
       FinalizeBuildStatus:
         Deleting file "Debug\Converter.unsuccessfulbuild".
         Touching "Debug\Converter.lastbuildstate".
     1>Done Building Project "C:\TAB\Converter_x64\Converter\Converter.vcxproj" (build target(s)).

Build succeeded.

Time Elapsed 00:00:03.43
