C:\Users\Administrator\Desktop\Converter\Converter\Debug\libsamplerate.exp
C:\Users\Administrator\Desktop\Converter\Converter\Debug\libsamplerate.lib
C:\Users\Administrator\Desktop\Converter\Engine\libsamplerate\Debug\cl.command.1.tlog
C:\Users\Administrator\Desktop\Converter\Engine\libsamplerate\Debug\CL.read.1.tlog
C:\Users\Administrator\Desktop\Converter\Engine\libsamplerate\Debug\CL.write.1.tlog
C:\USERS\ADMINISTRATOR\DESKTOP\CONVERTER\ENGINE\LIBSAMPLERATE\DEBUG\LIBSAMPLERATE.DLL.EMBED.MANIFEST
C:\USERS\ADMINISTRATOR\DESKTOP\CONVERTER\ENGINE\LIBSAMPLERATE\DEBUG\LIBSAMPLERATE.DLL.EMBED.MANIFEST.RES
C:\USERS\ADMINISTRATOR\DESKTOP\CONVERTER\ENGINE\LIBSAMPLERATE\DEBUG\LIBSAMPLERATE.DLL.INTERMEDIATE.MANIFEST
C:\Users\Administrator\Desktop\Converter\Engine\libsamplerate\Debug\libsamplerate.write.1.tlog
C:\Users\Administrator\Desktop\Converter\Engine\libsamplerate\Debug\libsamplerate_manifest.rc
C:\Users\Administrator\Desktop\Converter\Engine\libsamplerate\Debug\link.2056.read.1.tlog
C:\Users\Administrator\Desktop\Converter\Engine\libsamplerate\Debug\link.2056.write.1.tlog
C:\Users\Administrator\Desktop\Converter\Engine\libsamplerate\Debug\link.2056-cvtres.read.1.tlog
C:\Users\Administrator\Desktop\Converter\Engine\libsamplerate\Debug\link.2056-cvtres.write.1.tlog
C:\Users\Administrator\Desktop\Converter\Engine\libsamplerate\Debug\link.command.1.tlog
C:\Users\Administrator\Desktop\Converter\Engine\libsamplerate\Debug\link.read.1.tlog
C:\Users\Administrator\Desktop\Converter\Engine\libsamplerate\Debug\link.write.1.tlog
C:\Users\Administrator\Desktop\Converter\Engine\libsamplerate\Debug\link-cvtres.read.1.tlog
C:\Users\Administrator\Desktop\Converter\Engine\libsamplerate\Debug\link-cvtres.write.1.tlog
C:\Users\Administrator\Desktop\Converter\Engine\libsamplerate\Debug\mt.command.1.tlog
C:\Users\Administrator\Desktop\Converter\Engine\libsamplerate\Debug\mt.read.1.tlog
C:\Users\Administrator\Desktop\Converter\Engine\libsamplerate\Debug\mt.write.1.tlog
C:\Users\Administrator\Desktop\Converter\Engine\libsamplerate\Debug\rc.command.1.tlog
C:\Users\Administrator\Desktop\Converter\Engine\libsamplerate\Debug\rc.read.1.tlog
C:\Users\Administrator\Desktop\Converter\Engine\libsamplerate\Debug\rc.write.1.tlog
C:\USERS\ADMINISTRATOR\DESKTOP\CONVERTER\ENGINE\LIBSAMPLERATE\DEBUG\SAMPLERATE.OBJ
C:\USERS\ADMINISTRATOR\DESKTOP\CONVERTER\ENGINE\LIBSAMPLERATE\DEBUG\SRC_LINEAR.OBJ
C:\USERS\ADMINISTRATOR\DESKTOP\CONVERTER\ENGINE\LIBSAMPLERATE\DEBUG\SRC_SINC.OBJ
C:\USERS\ADMINISTRATOR\DESKTOP\CONVERTER\ENGINE\LIBSAMPLERATE\DEBUG\SRC_ZOH.OBJ
C:\Users\Administrator\Desktop\Converter\Engine\libsamplerate\Debug\vc100.idb
C:\USERS\ADMINISTRATOR\DESKTOP\CONVERTER\ENGINE\LIBSAMPLERATE\DEBUG\VC100.PDB
C:\USERS\ADMINISTRATOR\DESKTOP\CONVERTER\INTERFACE\CLIENTPREPAREUI\BIN\LIBSAMPLERATE.DLL
C:\USERS\ADMINISTRATOR\DESKTOP\CONVERTER\INTERFACE\CLIENTPREPAREUI\BIN\LIBSAMPLERATE.ILK
C:\USERS\ADMINISTRATOR\DESKTOP\CONVERTER\INTERFACE\CLIENTPREPAREUI\BIN\SRCDLL.PDB
