Build started 19/7/2553 19:16:12.
     1>Project "C:\Users\Administrator\Desktop\Converter\Engine\madlldlib\madlldlib-1.0b7.vcxproj" on node 2 (rebuild target(s)).
     1>_PrepareForClean:
         Deleting file "Debug\madlldlib.lastbuildstate".
       InitializeBuildStatus:
         Creating "Debug\madlldlib.unsuccessfulbuild" because "AlwaysCreate" was specified.
       ClCompile:
         C:\Program Files (x86)\Microsoft Visual Studio 10.0\VC\bin\CL.exe /c /ZI /nologo /W1 /WX- /Od /Oy- /D WIN32 /D _DEBUG /D _WINDOWS /D _USRDLL /D MADLLDLIB10B7_EXPORTS /D _WINDLL /D _MBCS /Gm /EHsc /RTC1 /MTd /GS /fp:precise /Zc:wchar_t /Zc:forScope /Fo"Debug\\" /Fd"Debug\vc100.pdb" /Gd /TP /analyze- /errorReport:prompt bstdfile.cpp madlldlib.cpp
         madlldlib.cpp
         bstdfile.cpp
         Generating Code...
       ManifestResourceCompile:
         C:\Program Files (x86)\Microsoft SDKs\Windows\v7.0A\bin\rc.exe /nologo /fo"Debug\madlldlib.dll.embed.manifest.res" Debug\madlldlib_manifest.rc 
     1>C:\Program Files (x86)\MSBuild\Microsoft.Cpp\v4.0\Microsoft.CppBuild.targets(990,5): warning MSB8012: TargetPath(C:\Users\Administrator\Desktop\Converter\Engine\madlldlib\Debug\madlldlib.dll) does not match the Linker's OutputFile property value (C:\Users\Administrator\Desktop\Converter\Interface\clientPrepareUI\bin\madlldlib.dll). This may cause your project to build incorrectly. To correct this, please make sure that $(OutDir), $(TargetName) and $(TargetExt) property values match the value specified in %(Link.OutputFile).
       Link:
         C:\Program Files (x86)\Microsoft Visual Studio 10.0\VC\bin\link.exe /ERRORREPORT:PROMPT /OUT:".\..\..\Interface\clientPrepareUI\bin\madlldlib.dll" /INCREMENTAL /NOLOGO .\..\..\Converter\Debug\libmad.lib kernel32.lib user32.lib gdi32.lib winspool.lib comdlg32.lib advapi32.lib shell32.lib ole32.lib oleaut32.lib uuid.lib odbc32.lib odbccp32.lib /NODEFAULTLIB:LIBCD.lib /MANIFEST /ManifestFile:"Debug\madlldlib.dll.intermediate.manifest" /MANIFESTUAC:"level='asInvoker' uiAccess='false'" /DEBUG /PDB:".\Debug\madlldlib-1.0b7.pdb" /SUBSYSTEM:WINDOWS /TLBID:1 /DYNAMICBASE /NXCOMPAT /IMPLIB:".\..\..\Converter\Debug\madlldlib.lib" /MACHINE:X86 /DLL Debug\madlldlib.dll.embed.manifest.res
         Debug\bstdfile.obj
         Debug\madlldlib.obj
         C:\Users\Administrator\Desktop\Converter\Interface\clientPrepareUI\bin\libmad.lib
            Creating library .\..\..\Converter\Debug\madlldlib.lib and object .\..\..\Converter\Debug\madlldlib.exp
     1>libmad.lib(bit.obj) : warning LNK4099: PDB 'vc70.pdb' was not found with 'libmad.lib(bit.obj)' or at 'C:\Users\Administrator\Desktop\Converter\Engine\madlldlib\Debug\vc70.pdb'; linking object as if no debug info
     1>libmad.lib(frame.obj) : warning LNK4099: PDB 'vc70.pdb' was not found with 'libmad.lib(frame.obj)' or at 'C:\Users\Administrator\Desktop\Converter\Engine\madlldlib\Debug\vc70.pdb'; linking object as if no debug info
     1>libmad.lib(huffman.obj) : warning LNK4099: PDB 'vc70.pdb' was not found with 'libmad.lib(huffman.obj)' or at 'C:\Users\Administrator\Desktop\Converter\Engine\madlldlib\Debug\vc70.pdb'; linking object as if no debug info
     1>libmad.lib(layer12.obj) : warning LNK4099: PDB 'vc70.pdb' was not found with 'libmad.lib(layer12.obj)' or at 'C:\Users\Administrator\Desktop\Converter\Engine\madlldlib\Debug\vc70.pdb'; linking object as if no debug info
     1>libmad.lib(layer3.obj) : warning LNK4099: PDB 'vc70.pdb' was not found with 'libmad.lib(layer3.obj)' or at 'C:\Users\Administrator\Desktop\Converter\Engine\madlldlib\Debug\vc70.pdb'; linking object as if no debug info
     1>libmad.lib(stream.obj) : warning LNK4099: PDB 'vc70.pdb' was not found with 'libmad.lib(stream.obj)' or at 'C:\Users\Administrator\Desktop\Converter\Engine\madlldlib\Debug\vc70.pdb'; linking object as if no debug info
     1>libmad.lib(synth.obj) : warning LNK4099: PDB 'vc70.pdb' was not found with 'libmad.lib(synth.obj)' or at 'C:\Users\Administrator\Desktop\Converter\Engine\madlldlib\Debug\vc70.pdb'; linking object as if no debug info
     1>libmad.lib(timer.obj) : warning LNK4099: PDB 'vc70.pdb' was not found with 'libmad.lib(timer.obj)' or at 'C:\Users\Administrator\Desktop\Converter\Engine\madlldlib\Debug\vc70.pdb'; linking object as if no debug info
       Manifest:
         Deleting file "Debug\madlldlib.dll.embed.manifest".
         C:\Program Files (x86)\Microsoft SDKs\Windows\v7.0A\bin\mt.exe /nologo /verbose /out:"Debug\madlldlib.dll.embed.manifest" /manifest Debug\madlldlib.dll.intermediate.manifest
         C:\Program Files (x86)\Microsoft SDKs\Windows\v7.0A\bin\rc.exe /nologo /fo"Debug\madlldlib.dll.embed.manifest.res" Debug\madlldlib_manifest.rc 
       LinkEmbedManifest:
         C:\Program Files (x86)\Microsoft Visual Studio 10.0\VC\bin\link.exe /ERRORREPORT:PROMPT /OUT:".\..\..\Interface\clientPrepareUI\bin\madlldlib.dll" /INCREMENTAL /NOLOGO .\..\..\Converter\Debug\libmad.lib kernel32.lib user32.lib gdi32.lib winspool.lib comdlg32.lib advapi32.lib shell32.lib ole32.lib oleaut32.lib uuid.lib odbc32.lib odbccp32.lib /NODEFAULTLIB:LIBCD.lib /MANIFEST /ManifestFile:"Debug\madlldlib.dll.intermediate.manifest" /MANIFESTUAC:"level='asInvoker' uiAccess='false'" /DEBUG /PDB:".\Debug\madlldlib-1.0b7.pdb" /SUBSYSTEM:WINDOWS /TLBID:1 /DYNAMICBASE /NXCOMPAT /IMPLIB:".\..\..\Converter\Debug\madlldlib.lib" /MACHINE:X86 /DLL Debug\madlldlib.dll.embed.manifest.res
         Debug\bstdfile.obj
         Debug\madlldlib.obj
         C:\Users\Administrator\Desktop\Converter\Interface\clientPrepareUI\bin\libmad.lib
            Creating library .\..\..\Converter\Debug\madlldlib.lib and object .\..\..\Converter\Debug\madlldlib.exp
     1>libmad.lib(bit.obj) : warning LNK4099: PDB 'vc70.pdb' was not found with 'libmad.lib(bit.obj)' or at 'C:\Users\Administrator\Desktop\Converter\Engine\madlldlib\Debug\vc70.pdb'; linking object as if no debug info
     1>libmad.lib(frame.obj) : warning LNK4099: PDB 'vc70.pdb' was not found with 'libmad.lib(frame.obj)' or at 'C:\Users\Administrator\Desktop\Converter\Engine\madlldlib\Debug\vc70.pdb'; linking object as if no debug info
     1>libmad.lib(huffman.obj) : warning LNK4099: PDB 'vc70.pdb' was not found with 'libmad.lib(huffman.obj)' or at 'C:\Users\Administrator\Desktop\Converter\Engine\madlldlib\Debug\vc70.pdb'; linking object as if no debug info
     1>libmad.lib(layer12.obj) : warning LNK4099: PDB 'vc70.pdb' was not found with 'libmad.lib(layer12.obj)' or at 'C:\Users\Administrator\Desktop\Converter\Engine\madlldlib\Debug\vc70.pdb'; linking object as if no debug info
     1>libmad.lib(layer3.obj) : warning LNK4099: PDB 'vc70.pdb' was not found with 'libmad.lib(layer3.obj)' or at 'C:\Users\Administrator\Desktop\Converter\Engine\madlldlib\Debug\vc70.pdb'; linking object as if no debug info
     1>libmad.lib(stream.obj) : warning LNK4099: PDB 'vc70.pdb' was not found with 'libmad.lib(stream.obj)' or at 'C:\Users\Administrator\Desktop\Converter\Engine\madlldlib\Debug\vc70.pdb'; linking object as if no debug info
     1>libmad.lib(synth.obj) : warning LNK4099: PDB 'vc70.pdb' was not found with 'libmad.lib(synth.obj)' or at 'C:\Users\Administrator\Desktop\Converter\Engine\madlldlib\Debug\vc70.pdb'; linking object as if no debug info
     1>libmad.lib(timer.obj) : warning LNK4099: PDB 'vc70.pdb' was not found with 'libmad.lib(timer.obj)' or at 'C:\Users\Administrator\Desktop\Converter\Engine\madlldlib\Debug\vc70.pdb'; linking object as if no debug info
         madlldlib-1.0b7.vcxproj -> C:\Users\Administrator\Desktop\Converter\Engine\madlldlib\Debug\madlldlib.dll
       FinalizeBuildStatus:
         Deleting file "Debug\madlldlib.unsuccessfulbuild".
         Touching "Debug\madlldlib.lastbuildstate".
     1>Done Building Project "C:\Users\Administrator\Desktop\Converter\Engine\madlldlib\madlldlib-1.0b7.vcxproj" (rebuild target(s)).

Build succeeded.

Time Elapsed 00:00:01.29
