C:\Users\Administrator\Desktop\Converter\Converter\Debug\madlldlib.exp
C:\Users\Administrator\Desktop\Converter\Converter\Debug\madlldlib.lib
C:\USERS\ADMINISTRATOR\DESKTOP\CONVERTER\ENGINE\MADLLDLIB\DEBUG\BSTDFILE.OBJ
C:\Users\Administrator\Desktop\Converter\Engine\madlldlib\Debug\cl.command.1.tlog
C:\Users\Administrator\Desktop\Converter\Engine\madlldlib\Debug\CL.read.1.tlog
C:\Users\Administrator\Desktop\Converter\Engine\madlldlib\Debug\CL.write.1.tlog
C:\Users\Administrator\Desktop\Converter\Engine\madlldlib\Debug\link.1340.read.1.tlog
C:\Users\Administrator\Desktop\Converter\Engine\madlldlib\Debug\link.1340.write.1.tlog
C:\Users\Administrator\Desktop\Converter\Engine\madlldlib\Debug\link.1340-cvtres.read.1.tlog
C:\Users\Administrator\Desktop\Converter\Engine\madlldlib\Debug\link.1340-cvtres.write.1.tlog
C:\Users\Administrator\Desktop\Converter\Engine\madlldlib\Debug\link.command.1.tlog
C:\Users\Administrator\Desktop\Converter\Engine\madlldlib\Debug\link.read.1.tlog
C:\Users\Administrator\Desktop\Converter\Engine\madlldlib\Debug\link.write.1.tlog
C:\Users\Administrator\Desktop\Converter\Engine\madlldlib\Debug\link-cvtres.read.1.tlog
C:\Users\Administrator\Desktop\Converter\Engine\madlldlib\Debug\link-cvtres.write.1.tlog
C:\USERS\ADMINISTRATOR\DESKTOP\CONVERTER\ENGINE\MADLLDLIB\DEBUG\MADLLDLIB.DLL.EMBED.MANIFEST
C:\USERS\ADMINISTRATOR\DESKTOP\CONVERTER\ENGINE\MADLLDLIB\DEBUG\MADLLDLIB.DLL.EMBED.MANIFEST.RES
C:\USERS\ADMINISTRATOR\DESKTOP\CONVERTER\ENGINE\MADLLDLIB\DEBUG\MADLLDLIB.DLL.INTERMEDIATE.MANIFEST
C:\USERS\ADMINISTRATOR\DESKTOP\CONVERTER\ENGINE\MADLLDLIB\DEBUG\MADLLDLIB.OBJ
C:\Users\Administrator\Desktop\Converter\Engine\madlldlib\Debug\madlldlib.write.1.tlog
C:\Users\Administrator\Desktop\Converter\Engine\madlldlib\Debug\madlldlib_manifest.rc
C:\USERS\ADMINISTRATOR\DESKTOP\CONVERTER\ENGINE\MADLLDLIB\DEBUG\MADLLDLIB-1.0B7.PDB
C:\Users\Administrator\Desktop\Converter\Engine\madlldlib\Debug\mt.command.1.tlog
C:\Users\Administrator\Desktop\Converter\Engine\madlldlib\Debug\mt.read.1.tlog
C:\Users\Administrator\Desktop\Converter\Engine\madlldlib\Debug\mt.write.1.tlog
C:\Users\Administrator\Desktop\Converter\Engine\madlldlib\Debug\rc.command.1.tlog
C:\Users\Administrator\Desktop\Converter\Engine\madlldlib\Debug\rc.read.1.tlog
C:\Users\Administrator\Desktop\Converter\Engine\madlldlib\Debug\rc.write.1.tlog
C:\Users\Administrator\Desktop\Converter\Engine\madlldlib\Debug\vc100.idb
C:\USERS\ADMINISTRATOR\DESKTOP\CONVERTER\ENGINE\MADLLDLIB\DEBUG\VC100.PDB
C:\USERS\ADMINISTRATOR\DESKTOP\CONVERTER\INTERFACE\CLIENTPREPAREUI\BIN\MADLLDLIB.DLL
C:\USERS\ADMINISTRATOR\DESKTOP\CONVERTER\INTERFACE\CLIENTPREPAREUI\BIN\MADLLDLIB.ILK
